<?xml version="1.0" encoding="UTF-8"?>
<!-- Generated by org.testng.reporters.JUnitReportReporter -->
<testsuite hostname="tjaiswal-VAIO" name="AutoDownloader.IDSystemAutoDownloader.Test11" tests="1" failures="0" timestamp="18 Feb 2018 16:22:42 GMT" time="202.943" errors="0">
  <testcase name="verifyLoginWithCreadentials" time="202.943" classname="AutoDownloader.IDSystemAutoDownloader.Test11"/>
</testsuite> <!-- AutoDownloader.IDSystemAutoDownloader.Test11 -->
