<?xml version="1.0" encoding="UTF-8"?>
<!-- Generated by org.testng.reporters.JUnitReportReporter -->
<testsuite hostname="tjaiswal-VAIO" name="AutoDownloader.IDSystemAutoDownloader.TC001_DownloadingSoftware" tests="1" failures="0" timestamp="16 Feb 2018 17:43:52 GMT" time="7.097" errors="0">
  <testcase name="verifyLoginWithCreadentials" time="7.097" classname="AutoDownloader.IDSystemAutoDownloader.TC001_DownloadingSoftware"/>
</testsuite> <!-- AutoDownloader.IDSystemAutoDownloader.TC001_DownloadingSoftware -->
